<?xml version="1.0" encoding="UTF-8"?>
<!-- Generated by org.testng.reporters.JUnitReportReporter -->
<testsuite hostname="DESKTOP-HJSPQA8" failures="0" tests="1" name="testFrameworks.ExcelDriven" time="8.276" errors="0" timestamp="2020-09-06T16:21:24 IST" skipped="0">
  <testcase classname="testFrameworks.ExcelDriven" name="PostExcel" time="8.276"/>
  <system-out/>
</testsuite> <!-- testFrameworks.ExcelDriven -->
